<?xml version="1.0" encoding="UTF-8"?>
<!-- Generated by org.testng.reporters.JUnitXMLReporter -->
<testsuite ignored="2" hostname="yathishgowda-PC" failures="0" tests="1" name="Default test" time="56.188" errors="0" timestamp="2022-09-14T13:33:56 IST">
  <testcase classname="testcases.SimplilearnLogin" name="Test3" time="31.987"/>
  <testcase classname="testcases.SimplilearnLogin" name="Test2" time="0.0">
    <ignored/>
  </testcase> <!-- Test2 -->
  <testcase classname="testcases.SimplilearnLogin" name="Test1" time="0.0">
    <ignored/>
  </testcase> <!-- Test1 -->
</testsuite> <!-- Default test -->
