<?xml version="1.0" encoding="UTF-8"?>
<!-- Generated by org.testng.reporters.JUnitXMLReporter -->
<testsuite ignored="2" hostname="yathishgowda-PC" failures="0" tests="4" name="Test" time="110.092" errors="0" timestamp="2022-09-14T13:55:30 IST">
  <testcase classname="testcases.SimplilearnLogin" name="Test1" time="29.512"/>
  <testcase classname="testcases.SimplilearnLogin" name="Test2" time="15.598"/>
  <testcase classname="testcases.SimplilearnLogin" name="Test3" time="13.918"/>
  <testcase classname="testcases.HomeTest" name="HomeTest1" time="0.004"/>
  <testcase classname="testcases.BaseClass" name="@AfterTest DataClean" time="0.0">
    <ignored/>
  </testcase> <!-- @AfterTest DataClean -->
  <testcase classname="testcases.BaseClass" name="@BeforeTest DataSetUp" time="0.0">
    <ignored/>
  </testcase> <!-- @BeforeTest DataSetUp -->
</testsuite> <!-- Test -->
