<?xml version="1.0" encoding="UTF-8"?>
<!-- Generated by org.testng.reporters.JUnitXMLReporter -->
<testsuite hostname="yathishgowda-PC" ignored="2" name="Test" tests="4" failures="0" timestamp="2022-09-21T21:28:24 IST" time="148.998" errors="0">
  <testcase name="Test1" time="33.04" classname="testcases.SimplilearnLogin"/>
  <testcase name="Test2" time="37.6" classname="testcases.SimplilearnLogin"/>
  <testcase name="Test3" time="15.694" classname="testcases.SimplilearnLogin"/>
  <testcase name="HomeTest1" time="0.001" classname="testcases.HomeTest"/>
  <testcase name="@AfterTest DataClean" time="0.0" classname="testcases.BaseClass">
    <ignored/>
  </testcase> <!-- @AfterTest DataClean -->
  <testcase name="@BeforeTest DataSetUp" time="0.0" classname="testcases.BaseClass">
    <ignored/>
  </testcase> <!-- @BeforeTest DataSetUp -->
</testsuite> <!-- Test -->
