<?xml version="1.0" encoding="UTF-8"?>
<!-- Generated by org.testng.reporters.JUnitXMLReporter -->
<testsuite hostname="yathishgowda-PC" ignored="0" name="Test" tests="3" failures="0" timestamp="2022-09-14T08:26:54 IST" time="53.369" errors="0">
  <testcase name="Test1" time="13.043" classname="testcases.SimplilearnLogin"/>
  <testcase name="Test2" time="13.12" classname="testcases.SimplilearnLogin"/>
  <testcase name="HomeTest1" time="0.001" classname="testcases.HomeTest"/>
</testsuite> <!-- Test -->
